OCSP Request Data:
    Version: 1 (0x0)
    Requestor List:
        Certificate ID:
          Hash Algorithm: sha1
          Issuer Name Hash: 0C68B1D28FD29916FB355345CB233CCCBC4FDAF6
          Issuer Key Hash: 2D27E9A7DF20C70049AEC727D32717A12922414A
          Serial Number: 3353BD7315C7DE4151753DCEFDCDD8DA0E8163CD
    Request Extensions:
        OCSP Nonce: 
            0410C417A65E2E052C53FB4AA13CABBA0EA0
OCSP Response Data:
    OCSP Response Status: successful (0x0)
    Response Type: Basic OCSP Response
    Version: 1 (0x0)
    Responder Id: C = FR, ST = France, L = Toulon, O = Isen, OU = Cyber, CN = OCSP, emailAddress = crypto30ISEN@gmail.com
    Produced At: Apr 28 20:50:21 2023 GMT
    Responses:
    Certificate ID:
      Hash Algorithm: sha1
      Issuer Name Hash: 0C68B1D28FD29916FB355345CB233CCCBC4FDAF6
      Issuer Key Hash: 2D27E9A7DF20C70049AEC727D32717A12922414A
      Serial Number: 3353BD7315C7DE4151753DCEFDCDD8DA0E8163CD
    Cert Status: unknown
    This Update: Apr 28 20:50:21 2023 GMT
    Next Update: May 28 20:50:21 2023 GMT

    Response Extensions:
        OCSP Nonce: 
            0410C417A65E2E052C53FB4AA13CABBA0EA0
    Signature Algorithm: ecdsa-with-SHA256
    Signature Value:
        30:44:02:20:1d:bb:09:3c:1f:81:7e:af:c1:f5:96:11:17:75:
        6a:8d:87:20:a3:e3:84:51:a0:ac:6d:d2:c6:b3:8a:5a:6b:4d:
        02:20:11:cc:53:5e:e9:1d:11:85:99:55:58:3c:aa:16:63:a0:
        18:95:94:20:cc:12:f3:ad:b8:51:d5:c0:dc:6c:2e:b8
Certificate:
    Data:
        Version: 1 (0x0)
        Serial Number:
            33:53:bd:73:15:c7:de:41:51:75:3d:ce:fd:cd:d8:da:0e:81:63:ce
        Signature Algorithm: ecdsa-with-SHA256
        Issuer: C=FR, ST=France, L=Toulon, O=Isen, OU=Cyber, CN=ACI/emailAddress=bender.quent@gmail.com
        Validity
            Not Before: Apr 28 14:43:25 2023 GMT
            Not After : Apr 27 14:43:25 2025 GMT
        Subject: C=FR, ST=France, L=Toulon, O=Isen, OU=Cyber, CN=OCSP/emailAddress=crypto30ISEN@gmail.com
        Subject Public Key Info:
            Public Key Algorithm: id-ecPublicKey
                Public-Key: (256 bit)
                pub:
                    04:d0:d9:3a:4f:e5:e5:c5:0f:e1:af:e4:5d:11:b8:
                    48:c9:53:e2:6d:87:83:b1:4a:f1:97:db:be:4d:50:
                    db:52:83:23:f9:95:43:3a:d6:55:c6:c3:d8:88:eb:
                    62:5e:e7:fa:21:ae:f2:ee:99:f2:c0:ff:68:f3:42:
                    9a:91:6a:5c:36
                ASN1 OID: prime256v1
                NIST CURVE: P-256
    Signature Algorithm: ecdsa-with-SHA256
    Signature Value:
        30:45:02:21:00:e2:03:51:af:e7:a0:a7:1c:1c:df:af:74:9d:
        70:3c:53:1a:cd:37:0d:ed:af:74:11:0c:7c:cf:50:43:d4:44:
        26:02:20:26:22:d5:18:ce:21:b7:67:57:8a:6b:dd:40:10:12:
        2c:87:a2:dd:0a:ee:0f:54:1b:b2:84:45:54:12:48:95:6e
-----BEGIN CERTIFICATE-----
MIICBDCCAaoCFDNTvXMVx95BUXU9zv3N2NoOgWPOMAoGCCqGSM49BAMCMIGDMQsw
CQYDVQQGEwJGUjEPMA0GA1UECAwGRnJhbmNlMQ8wDQYDVQQHDAZUb3Vsb24xDTAL
BgNVBAoMBElzZW4xDjAMBgNVBAsMBUN5YmVyMQwwCgYDVQQDDANBQ0kxJTAjBgkq
hkiG9w0BCQEWFmJlbmRlci5xdWVudEBnbWFpbC5jb20wHhcNMjMwNDI4MTQ0MzI1
WhcNMjUwNDI3MTQ0MzI1WjCBhDELMAkGA1UEBhMCRlIxDzANBgNVBAgMBkZyYW5j
ZTEPMA0GA1UEBwwGVG91bG9uMQ0wCwYDVQQKDARJc2VuMQ4wDAYDVQQLDAVDeWJl
cjENMAsGA1UEAwwET0NTUDElMCMGCSqGSIb3DQEJARYWY3J5cHRvMzBJU0VOQGdt
YWlsLmNvbTBZMBMGByqGSM49AgEGCCqGSM49AwEHA0IABNDZOk/l5cUP4a/kXRG4
SMlT4m2Hg7FK8Zfbvk1Q21KDI/mVQzrWVcbD2IjrYl7n+iGu8u6Z8sD/aPNCmpFq
XDYwCgYIKoZIzj0EAwIDSAAwRQIhAOIDUa/noKccHN+vdJ1wPFMazTcN7a90EQx8
z1BD1EQmAiAmItUYziG3Z1eKa91AEBIsh6LdCu4PVBuyhEVUEkiVbg==
-----END CERTIFICATE-----
OCSP Request Data:
    Version: 1 (0x0)
    Requestor List:
        Certificate ID:
          Hash Algorithm: sha1
          Issuer Name Hash: 0C68B1D28FD29916FB355345CB233CCCBC4FDAF6
          Issuer Key Hash: 2D27E9A7DF20C70049AEC727D32717A12922414A
          Serial Number: 3353BD7315C7DE4151753DCEFDCDD8DA0E8163CD
    Request Extensions:
        OCSP Nonce: 
            0410DECEBF8B3632017474F293E84FE96B2D
OCSP Response Data:
    OCSP Response Status: successful (0x0)
    Response Type: Basic OCSP Response
    Version: 1 (0x0)
    Responder Id: C = FR, ST = France, L = Toulon, O = Isen, OU = Cyber, CN = OCSP, emailAddress = crypto30ISEN@gmail.com
    Produced At: Apr 28 20:51:07 2023 GMT
    Responses:
    Certificate ID:
      Hash Algorithm: sha1
      Issuer Name Hash: 0C68B1D28FD29916FB355345CB233CCCBC4FDAF6
      Issuer Key Hash: 2D27E9A7DF20C70049AEC727D32717A12922414A
      Serial Number: 3353BD7315C7DE4151753DCEFDCDD8DA0E8163CD
    Cert Status: unknown
    This Update: Apr 28 20:51:07 2023 GMT
    Next Update: May 28 20:51:07 2023 GMT

    Response Extensions:
        OCSP Nonce: 
            0410DECEBF8B3632017474F293E84FE96B2D
    Signature Algorithm: ecdsa-with-SHA256
    Signature Value:
        30:45:02:21:00:bf:61:f2:82:ec:85:e1:93:4f:81:ec:55:51:
        16:a3:e4:7d:3e:13:4b:22:ca:cd:2e:8b:03:aa:34:fd:78:36:
        10:02:20:30:ae:1e:9d:5f:43:f8:b6:51:86:fd:72:02:ef:8a:
        42:87:4c:91:b4:45:84:95:77:07:39:83:14:18:10:ac:89
Certificate:
    Data:
        Version: 1 (0x0)
        Serial Number:
            33:53:bd:73:15:c7:de:41:51:75:3d:ce:fd:cd:d8:da:0e:81:63:ce
        Signature Algorithm: ecdsa-with-SHA256
        Issuer: C=FR, ST=France, L=Toulon, O=Isen, OU=Cyber, CN=ACI/emailAddress=bender.quent@gmail.com
        Validity
            Not Before: Apr 28 14:43:25 2023 GMT
            Not After : Apr 27 14:43:25 2025 GMT
        Subject: C=FR, ST=France, L=Toulon, O=Isen, OU=Cyber, CN=OCSP/emailAddress=crypto30ISEN@gmail.com
        Subject Public Key Info:
            Public Key Algorithm: id-ecPublicKey
                Public-Key: (256 bit)
                pub:
                    04:d0:d9:3a:4f:e5:e5:c5:0f:e1:af:e4:5d:11:b8:
                    48:c9:53:e2:6d:87:83:b1:4a:f1:97:db:be:4d:50:
                    db:52:83:23:f9:95:43:3a:d6:55:c6:c3:d8:88:eb:
                    62:5e:e7:fa:21:ae:f2:ee:99:f2:c0:ff:68:f3:42:
                    9a:91:6a:5c:36
                ASN1 OID: prime256v1
                NIST CURVE: P-256
    Signature Algorithm: ecdsa-with-SHA256
    Signature Value:
        30:45:02:21:00:e2:03:51:af:e7:a0:a7:1c:1c:df:af:74:9d:
        70:3c:53:1a:cd:37:0d:ed:af:74:11:0c:7c:cf:50:43:d4:44:
        26:02:20:26:22:d5:18:ce:21:b7:67:57:8a:6b:dd:40:10:12:
        2c:87:a2:dd:0a:ee:0f:54:1b:b2:84:45:54:12:48:95:6e
-----BEGIN CERTIFICATE-----
MIICBDCCAaoCFDNTvXMVx95BUXU9zv3N2NoOgWPOMAoGCCqGSM49BAMCMIGDMQsw
CQYDVQQGEwJGUjEPMA0GA1UECAwGRnJhbmNlMQ8wDQYDVQQHDAZUb3Vsb24xDTAL
BgNVBAoMBElzZW4xDjAMBgNVBAsMBUN5YmVyMQwwCgYDVQQDDANBQ0kxJTAjBgkq
hkiG9w0BCQEWFmJlbmRlci5xdWVudEBnbWFpbC5jb20wHhcNMjMwNDI4MTQ0MzI1
WhcNMjUwNDI3MTQ0MzI1WjCBhDELMAkGA1UEBhMCRlIxDzANBgNVBAgMBkZyYW5j
ZTEPMA0GA1UEBwwGVG91bG9uMQ0wCwYDVQQKDARJc2VuMQ4wDAYDVQQLDAVDeWJl
cjENMAsGA1UEAwwET0NTUDElMCMGCSqGSIb3DQEJARYWY3J5cHRvMzBJU0VOQGdt
YWlsLmNvbTBZMBMGByqGSM49AgEGCCqGSM49AwEHA0IABNDZOk/l5cUP4a/kXRG4
SMlT4m2Hg7FK8Zfbvk1Q21KDI/mVQzrWVcbD2IjrYl7n+iGu8u6Z8sD/aPNCmpFq
XDYwCgYIKoZIzj0EAwIDSAAwRQIhAOIDUa/noKccHN+vdJ1wPFMazTcN7a90EQx8
z1BD1EQmAiAmItUYziG3Z1eKa91AEBIsh6LdCu4PVBuyhEVUEkiVbg==
-----END CERTIFICATE-----
OCSP Request Data:
    Version: 1 (0x0)
    Requestor List:
        Certificate ID:
          Hash Algorithm: sha1
          Issuer Name Hash: 0C68B1D28FD29916FB355345CB233CCCBC4FDAF6
          Issuer Key Hash: 2D27E9A7DF20C70049AEC727D32717A12922414A
          Serial Number: 3353BD7315C7DE4151753DCEFDCDD8DA0E8163CD
    Request Extensions:
        OCSP Nonce: 
            041077DB33EC89A8E60E495DE36989CEA4CC
OCSP Response Data:
    OCSP Response Status: successful (0x0)
    Response Type: Basic OCSP Response
    Version: 1 (0x0)
    Responder Id: C = FR, ST = France, L = Toulon, O = Isen, OU = Cyber, CN = OCSP, emailAddress = crypto30ISEN@gmail.com
    Produced At: Apr 28 20:51:17 2023 GMT
    Responses:
    Certificate ID:
      Hash Algorithm: sha1
      Issuer Name Hash: 0C68B1D28FD29916FB355345CB233CCCBC4FDAF6
      Issuer Key Hash: 2D27E9A7DF20C70049AEC727D32717A12922414A
      Serial Number: 3353BD7315C7DE4151753DCEFDCDD8DA0E8163CD
    Cert Status: unknown
    This Update: Apr 28 20:51:17 2023 GMT
    Next Update: May 28 20:51:17 2023 GMT

    Response Extensions:
        OCSP Nonce: 
            041077DB33EC89A8E60E495DE36989CEA4CC
    Signature Algorithm: ecdsa-with-SHA256
    Signature Value:
        30:45:02:20:67:b6:11:76:ae:67:f8:df:a2:86:45:f0:8e:6b:
        e7:48:70:9e:a7:dd:33:83:24:31:3a:c1:47:cb:77:ed:18:91:
        02:21:00:e8:75:95:27:af:92:5f:8e:39:d5:eb:cf:c7:f7:51:
        9d:50:e3:e7:45:ee:dc:e8:17:7b:64:7d:64:04:75:9a:3a
Certificate:
    Data:
        Version: 1 (0x0)
        Serial Number:
            33:53:bd:73:15:c7:de:41:51:75:3d:ce:fd:cd:d8:da:0e:81:63:ce
        Signature Algorithm: ecdsa-with-SHA256
        Issuer: C=FR, ST=France, L=Toulon, O=Isen, OU=Cyber, CN=ACI/emailAddress=bender.quent@gmail.com
        Validity
            Not Before: Apr 28 14:43:25 2023 GMT
            Not After : Apr 27 14:43:25 2025 GMT
        Subject: C=FR, ST=France, L=Toulon, O=Isen, OU=Cyber, CN=OCSP/emailAddress=crypto30ISEN@gmail.com
        Subject Public Key Info:
            Public Key Algorithm: id-ecPublicKey
                Public-Key: (256 bit)
                pub:
                    04:d0:d9:3a:4f:e5:e5:c5:0f:e1:af:e4:5d:11:b8:
                    48:c9:53:e2:6d:87:83:b1:4a:f1:97:db:be:4d:50:
                    db:52:83:23:f9:95:43:3a:d6:55:c6:c3:d8:88:eb:
                    62:5e:e7:fa:21:ae:f2:ee:99:f2:c0:ff:68:f3:42:
                    9a:91:6a:5c:36
                ASN1 OID: prime256v1
                NIST CURVE: P-256
    Signature Algorithm: ecdsa-with-SHA256
    Signature Value:
        30:45:02:21:00:e2:03:51:af:e7:a0:a7:1c:1c:df:af:74:9d:
        70:3c:53:1a:cd:37:0d:ed:af:74:11:0c:7c:cf:50:43:d4:44:
        26:02:20:26:22:d5:18:ce:21:b7:67:57:8a:6b:dd:40:10:12:
        2c:87:a2:dd:0a:ee:0f:54:1b:b2:84:45:54:12:48:95:6e
-----BEGIN CERTIFICATE-----
MIICBDCCAaoCFDNTvXMVx95BUXU9zv3N2NoOgWPOMAoGCCqGSM49BAMCMIGDMQsw
CQYDVQQGEwJGUjEPMA0GA1UECAwGRnJhbmNlMQ8wDQYDVQQHDAZUb3Vsb24xDTAL
BgNVBAoMBElzZW4xDjAMBgNVBAsMBUN5YmVyMQwwCgYDVQQDDANBQ0kxJTAjBgkq
hkiG9w0BCQEWFmJlbmRlci5xdWVudEBnbWFpbC5jb20wHhcNMjMwNDI4MTQ0MzI1
WhcNMjUwNDI3MTQ0MzI1WjCBhDELMAkGA1UEBhMCRlIxDzANBgNVBAgMBkZyYW5j
ZTEPMA0GA1UEBwwGVG91bG9uMQ0wCwYDVQQKDARJc2VuMQ4wDAYDVQQLDAVDeWJl
cjENMAsGA1UEAwwET0NTUDElMCMGCSqGSIb3DQEJARYWY3J5cHRvMzBJU0VOQGdt
YWlsLmNvbTBZMBMGByqGSM49AgEGCCqGSM49AwEHA0IABNDZOk/l5cUP4a/kXRG4
SMlT4m2Hg7FK8Zfbvk1Q21KDI/mVQzrWVcbD2IjrYl7n+iGu8u6Z8sD/aPNCmpFq
XDYwCgYIKoZIzj0EAwIDSAAwRQIhAOIDUa/noKccHN+vdJ1wPFMazTcN7a90EQx8
z1BD1EQmAiAmItUYziG3Z1eKa91AEBIsh6LdCu4PVBuyhEVUEkiVbg==
-----END CERTIFICATE-----
OCSP Request Data:
    Version: 1 (0x0)
    Requestor List:
        Certificate ID:
          Hash Algorithm: sha1
          Issuer Name Hash: 0C68B1D28FD29916FB355345CB233CCCBC4FDAF6
          Issuer Key Hash: 2D27E9A7DF20C70049AEC727D32717A12922414A
          Serial Number: 3353BD7315C7DE4151753DCEFDCDD8DA0E8163CD
    Request Extensions:
        OCSP Nonce: 
            04100919B078728A6A7919E2A714CBE654A2
OCSP Response Data:
    OCSP Response Status: successful (0x0)
    Response Type: Basic OCSP Response
    Version: 1 (0x0)
    Responder Id: C = FR, ST = France, L = Toulon, O = Isen, OU = Cyber, CN = OCSP, emailAddress = crypto30ISEN@gmail.com
    Produced At: Apr 28 20:59:40 2023 GMT
    Responses:
    Certificate ID:
      Hash Algorithm: sha1
      Issuer Name Hash: 0C68B1D28FD29916FB355345CB233CCCBC4FDAF6
      Issuer Key Hash: 2D27E9A7DF20C70049AEC727D32717A12922414A
      Serial Number: 3353BD7315C7DE4151753DCEFDCDD8DA0E8163CD
    Cert Status: unknown
    This Update: Apr 28 20:59:40 2023 GMT
    Next Update: May 28 20:59:40 2023 GMT

    Response Extensions:
        OCSP Nonce: 
            04100919B078728A6A7919E2A714CBE654A2
    Signature Algorithm: ecdsa-with-SHA256
    Signature Value:
        30:45:02:21:00:b5:47:60:6c:0d:af:38:52:68:60:ed:bd:46:
        23:f3:fd:4b:b8:96:7a:ff:71:f3:a1:5c:c7:7b:57:b1:9d:9c:
        64:02:20:36:dd:59:2e:92:36:97:56:5b:e8:b8:a8:04:de:78:
        66:01:9d:82:f5:fd:08:db:d2:31:d5:12:d9:2a:2d:de:1b
Certificate:
    Data:
        Version: 1 (0x0)
        Serial Number:
            33:53:bd:73:15:c7:de:41:51:75:3d:ce:fd:cd:d8:da:0e:81:63:ce
        Signature Algorithm: ecdsa-with-SHA256
        Issuer: C=FR, ST=France, L=Toulon, O=Isen, OU=Cyber, CN=ACI/emailAddress=bender.quent@gmail.com
        Validity
            Not Before: Apr 28 14:43:25 2023 GMT
            Not After : Apr 27 14:43:25 2025 GMT
        Subject: C=FR, ST=France, L=Toulon, O=Isen, OU=Cyber, CN=OCSP/emailAddress=crypto30ISEN@gmail.com
        Subject Public Key Info:
            Public Key Algorithm: id-ecPublicKey
                Public-Key: (256 bit)
                pub:
                    04:d0:d9:3a:4f:e5:e5:c5:0f:e1:af:e4:5d:11:b8:
                    48:c9:53:e2:6d:87:83:b1:4a:f1:97:db:be:4d:50:
                    db:52:83:23:f9:95:43:3a:d6:55:c6:c3:d8:88:eb:
                    62:5e:e7:fa:21:ae:f2:ee:99:f2:c0:ff:68:f3:42:
                    9a:91:6a:5c:36
                ASN1 OID: prime256v1
                NIST CURVE: P-256
    Signature Algorithm: ecdsa-with-SHA256
    Signature Value:
        30:45:02:21:00:e2:03:51:af:e7:a0:a7:1c:1c:df:af:74:9d:
        70:3c:53:1a:cd:37:0d:ed:af:74:11:0c:7c:cf:50:43:d4:44:
        26:02:20:26:22:d5:18:ce:21:b7:67:57:8a:6b:dd:40:10:12:
        2c:87:a2:dd:0a:ee:0f:54:1b:b2:84:45:54:12:48:95:6e
-----BEGIN CERTIFICATE-----
MIICBDCCAaoCFDNTvXMVx95BUXU9zv3N2NoOgWPOMAoGCCqGSM49BAMCMIGDMQsw
CQYDVQQGEwJGUjEPMA0GA1UECAwGRnJhbmNlMQ8wDQYDVQQHDAZUb3Vsb24xDTAL
BgNVBAoMBElzZW4xDjAMBgNVBAsMBUN5YmVyMQwwCgYDVQQDDANBQ0kxJTAjBgkq
hkiG9w0BCQEWFmJlbmRlci5xdWVudEBnbWFpbC5jb20wHhcNMjMwNDI4MTQ0MzI1
WhcNMjUwNDI3MTQ0MzI1WjCBhDELMAkGA1UEBhMCRlIxDzANBgNVBAgMBkZyYW5j
ZTEPMA0GA1UEBwwGVG91bG9uMQ0wCwYDVQQKDARJc2VuMQ4wDAYDVQQLDAVDeWJl
cjENMAsGA1UEAwwET0NTUDElMCMGCSqGSIb3DQEJARYWY3J5cHRvMzBJU0VOQGdt
YWlsLmNvbTBZMBMGByqGSM49AgEGCCqGSM49AwEHA0IABNDZOk/l5cUP4a/kXRG4
SMlT4m2Hg7FK8Zfbvk1Q21KDI/mVQzrWVcbD2IjrYl7n+iGu8u6Z8sD/aPNCmpFq
XDYwCgYIKoZIzj0EAwIDSAAwRQIhAOIDUa/noKccHN+vdJ1wPFMazTcN7a90EQx8
z1BD1EQmAiAmItUYziG3Z1eKa91AEBIsh6LdCu4PVBuyhEVUEkiVbg==
-----END CERTIFICATE-----
OCSP Request Data:
    Version: 1 (0x0)
    Requestor List:
        Certificate ID:
          Hash Algorithm: sha1
          Issuer Name Hash: 0C68B1D28FD29916FB355345CB233CCCBC4FDAF6
          Issuer Key Hash: 2D27E9A7DF20C70049AEC727D32717A12922414A
          Serial Number: 3353BD7315C7DE4151753DCEFDCDD8DA0E8163CD
    Request Extensions:
        OCSP Nonce: 
            0410D38CED7D4FC13C515096B17FD2AD5005
OCSP Response Data:
    OCSP Response Status: successful (0x0)
    Response Type: Basic OCSP Response
    Version: 1 (0x0)
    Responder Id: C = FR, ST = France, L = Toulon, O = Isen, OU = Cyber, CN = OCSP, emailAddress = crypto30ISEN@gmail.com
    Produced At: Apr 28 21:01:02 2023 GMT
    Responses:
    Certificate ID:
      Hash Algorithm: sha1
      Issuer Name Hash: 0C68B1D28FD29916FB355345CB233CCCBC4FDAF6
      Issuer Key Hash: 2D27E9A7DF20C70049AEC727D32717A12922414A
      Serial Number: 3353BD7315C7DE4151753DCEFDCDD8DA0E8163CD
    Cert Status: unknown
    This Update: Apr 28 21:01:02 2023 GMT
    Next Update: May 28 21:01:02 2023 GMT

    Response Extensions:
        OCSP Nonce: 
            0410D38CED7D4FC13C515096B17FD2AD5005
    Signature Algorithm: ecdsa-with-SHA256
    Signature Value:
        30:45:02:20:46:e2:2d:94:40:77:7b:fb:fe:1e:21:46:7d:d9:
        b1:17:f1:e3:b1:31:4b:be:ad:af:76:af:c2:64:25:07:e8:72:
        02:21:00:ed:b5:f4:f8:4a:5e:3d:ac:35:1f:db:fb:82:86:c4:
        8e:a5:a2:36:0e:b4:e1:0d:cc:e2:cc:1c:61:0a:59:c6:14
Certificate:
    Data:
        Version: 1 (0x0)
        Serial Number:
            33:53:bd:73:15:c7:de:41:51:75:3d:ce:fd:cd:d8:da:0e:81:63:ce
        Signature Algorithm: ecdsa-with-SHA256
        Issuer: C=FR, ST=France, L=Toulon, O=Isen, OU=Cyber, CN=ACI/emailAddress=bender.quent@gmail.com
        Validity
            Not Before: Apr 28 14:43:25 2023 GMT
            Not After : Apr 27 14:43:25 2025 GMT
        Subject: C=FR, ST=France, L=Toulon, O=Isen, OU=Cyber, CN=OCSP/emailAddress=crypto30ISEN@gmail.com
        Subject Public Key Info:
            Public Key Algorithm: id-ecPublicKey
                Public-Key: (256 bit)
                pub:
                    04:d0:d9:3a:4f:e5:e5:c5:0f:e1:af:e4:5d:11:b8:
                    48:c9:53:e2:6d:87:83:b1:4a:f1:97:db:be:4d:50:
                    db:52:83:23:f9:95:43:3a:d6:55:c6:c3:d8:88:eb:
                    62:5e:e7:fa:21:ae:f2:ee:99:f2:c0:ff:68:f3:42:
                    9a:91:6a:5c:36
                ASN1 OID: prime256v1
                NIST CURVE: P-256
    Signature Algorithm: ecdsa-with-SHA256
    Signature Value:
        30:45:02:21:00:e2:03:51:af:e7:a0:a7:1c:1c:df:af:74:9d:
        70:3c:53:1a:cd:37:0d:ed:af:74:11:0c:7c:cf:50:43:d4:44:
        26:02:20:26:22:d5:18:ce:21:b7:67:57:8a:6b:dd:40:10:12:
        2c:87:a2:dd:0a:ee:0f:54:1b:b2:84:45:54:12:48:95:6e
-----BEGIN CERTIFICATE-----
MIICBDCCAaoCFDNTvXMVx95BUXU9zv3N2NoOgWPOMAoGCCqGSM49BAMCMIGDMQsw
CQYDVQQGEwJGUjEPMA0GA1UECAwGRnJhbmNlMQ8wDQYDVQQHDAZUb3Vsb24xDTAL
BgNVBAoMBElzZW4xDjAMBgNVBAsMBUN5YmVyMQwwCgYDVQQDDANBQ0kxJTAjBgkq
hkiG9w0BCQEWFmJlbmRlci5xdWVudEBnbWFpbC5jb20wHhcNMjMwNDI4MTQ0MzI1
WhcNMjUwNDI3MTQ0MzI1WjCBhDELMAkGA1UEBhMCRlIxDzANBgNVBAgMBkZyYW5j
ZTEPMA0GA1UEBwwGVG91bG9uMQ0wCwYDVQQKDARJc2VuMQ4wDAYDVQQLDAVDeWJl
cjENMAsGA1UEAwwET0NTUDElMCMGCSqGSIb3DQEJARYWY3J5cHRvMzBJU0VOQGdt
YWlsLmNvbTBZMBMGByqGSM49AgEGCCqGSM49AwEHA0IABNDZOk/l5cUP4a/kXRG4
SMlT4m2Hg7FK8Zfbvk1Q21KDI/mVQzrWVcbD2IjrYl7n+iGu8u6Z8sD/aPNCmpFq
XDYwCgYIKoZIzj0EAwIDSAAwRQIhAOIDUa/noKccHN+vdJ1wPFMazTcN7a90EQx8
z1BD1EQmAiAmItUYziG3Z1eKa91AEBIsh6LdCu4PVBuyhEVUEkiVbg==
-----END CERTIFICATE-----
OCSP Request Data:
    Version: 1 (0x0)
    Requestor List:
        Certificate ID:
          Hash Algorithm: sha1
          Issuer Name Hash: 0C68B1D28FD29916FB355345CB233CCCBC4FDAF6
          Issuer Key Hash: 2D27E9A7DF20C70049AEC727D32717A12922414A
          Serial Number: 3353BD7315C7DE4151753DCEFDCDD8DA0E8163CD
    Request Extensions:
        OCSP Nonce: 
            04101961BC6A5E5C4AC14AF04C59F6D82ABF
OCSP Response Data:
    OCSP Response Status: successful (0x0)
    Response Type: Basic OCSP Response
    Version: 1 (0x0)
    Responder Id: C = FR, ST = France, L = Toulon, O = Isen, OU = Cyber, CN = OCSP, emailAddress = crypto30ISEN@gmail.com
    Produced At: Apr 28 21:02:34 2023 GMT
    Responses:
    Certificate ID:
      Hash Algorithm: sha1
      Issuer Name Hash: 0C68B1D28FD29916FB355345CB233CCCBC4FDAF6
      Issuer Key Hash: 2D27E9A7DF20C70049AEC727D32717A12922414A
      Serial Number: 3353BD7315C7DE4151753DCEFDCDD8DA0E8163CD
    Cert Status: unknown
    This Update: Apr 28 21:02:34 2023 GMT
    Next Update: May 28 21:02:34 2023 GMT

    Response Extensions:
        OCSP Nonce: 
            04101961BC6A5E5C4AC14AF04C59F6D82ABF
    Signature Algorithm: ecdsa-with-SHA256
    Signature Value:
        30:44:02:20:11:97:85:1a:67:ff:88:ff:26:99:cf:13:1c:57:
        bb:ec:c3:37:aa:3b:52:71:fe:ed:5d:2e:ad:90:05:2e:c3:e0:
        02:20:44:7f:f4:5c:a2:90:b2:c2:04:60:2a:a8:0a:63:b9:4f:
        b0:2c:51:df:f8:00:83:2f:5f:17:b4:ad:00:d0:18:e3
Certificate:
    Data:
        Version: 1 (0x0)
        Serial Number:
            33:53:bd:73:15:c7:de:41:51:75:3d:ce:fd:cd:d8:da:0e:81:63:ce
        Signature Algorithm: ecdsa-with-SHA256
        Issuer: C=FR, ST=France, L=Toulon, O=Isen, OU=Cyber, CN=ACI/emailAddress=bender.quent@gmail.com
        Validity
            Not Before: Apr 28 14:43:25 2023 GMT
            Not After : Apr 27 14:43:25 2025 GMT
        Subject: C=FR, ST=France, L=Toulon, O=Isen, OU=Cyber, CN=OCSP/emailAddress=crypto30ISEN@gmail.com
        Subject Public Key Info:
            Public Key Algorithm: id-ecPublicKey
                Public-Key: (256 bit)
                pub:
                    04:d0:d9:3a:4f:e5:e5:c5:0f:e1:af:e4:5d:11:b8:
                    48:c9:53:e2:6d:87:83:b1:4a:f1:97:db:be:4d:50:
                    db:52:83:23:f9:95:43:3a:d6:55:c6:c3:d8:88:eb:
                    62:5e:e7:fa:21:ae:f2:ee:99:f2:c0:ff:68:f3:42:
                    9a:91:6a:5c:36
                ASN1 OID: prime256v1
                NIST CURVE: P-256
    Signature Algorithm: ecdsa-with-SHA256
    Signature Value:
        30:45:02:21:00:e2:03:51:af:e7:a0:a7:1c:1c:df:af:74:9d:
        70:3c:53:1a:cd:37:0d:ed:af:74:11:0c:7c:cf:50:43:d4:44:
        26:02:20:26:22:d5:18:ce:21:b7:67:57:8a:6b:dd:40:10:12:
        2c:87:a2:dd:0a:ee:0f:54:1b:b2:84:45:54:12:48:95:6e
-----BEGIN CERTIFICATE-----
MIICBDCCAaoCFDNTvXMVx95BUXU9zv3N2NoOgWPOMAoGCCqGSM49BAMCMIGDMQsw
CQYDVQQGEwJGUjEPMA0GA1UECAwGRnJhbmNlMQ8wDQYDVQQHDAZUb3Vsb24xDTAL
BgNVBAoMBElzZW4xDjAMBgNVBAsMBUN5YmVyMQwwCgYDVQQDDANBQ0kxJTAjBgkq
hkiG9w0BCQEWFmJlbmRlci5xdWVudEBnbWFpbC5jb20wHhcNMjMwNDI4MTQ0MzI1
WhcNMjUwNDI3MTQ0MzI1WjCBhDELMAkGA1UEBhMCRlIxDzANBgNVBAgMBkZyYW5j
ZTEPMA0GA1UEBwwGVG91bG9uMQ0wCwYDVQQKDARJc2VuMQ4wDAYDVQQLDAVDeWJl
cjENMAsGA1UEAwwET0NTUDElMCMGCSqGSIb3DQEJARYWY3J5cHRvMzBJU0VOQGdt
YWlsLmNvbTBZMBMGByqGSM49AgEGCCqGSM49AwEHA0IABNDZOk/l5cUP4a/kXRG4
SMlT4m2Hg7FK8Zfbvk1Q21KDI/mVQzrWVcbD2IjrYl7n+iGu8u6Z8sD/aPNCmpFq
XDYwCgYIKoZIzj0EAwIDSAAwRQIhAOIDUa/noKccHN+vdJ1wPFMazTcN7a90EQx8
z1BD1EQmAiAmItUYziG3Z1eKa91AEBIsh6LdCu4PVBuyhEVUEkiVbg==
-----END CERTIFICATE-----
OCSP Request Data:
    Version: 1 (0x0)
    Requestor List:
        Certificate ID:
          Hash Algorithm: sha1
          Issuer Name Hash: 0C68B1D28FD29916FB355345CB233CCCBC4FDAF6
          Issuer Key Hash: 2D27E9A7DF20C70049AEC727D32717A12922414A
          Serial Number: 3353BD7315C7DE4151753DCEFDCDD8DA0E8163CD
    Request Extensions:
        OCSP Nonce: 
            041098694721A99BB94A9308482562784335
OCSP Response Data:
    OCSP Response Status: successful (0x0)
    Response Type: Basic OCSP Response
    Version: 1 (0x0)
    Responder Id: C = FR, ST = France, L = Toulon, O = Isen, OU = Cyber, CN = OCSP, emailAddress = crypto30ISEN@gmail.com
    Produced At: Apr 28 21:04:54 2023 GMT
    Responses:
    Certificate ID:
      Hash Algorithm: sha1
      Issuer Name Hash: 0C68B1D28FD29916FB355345CB233CCCBC4FDAF6
      Issuer Key Hash: 2D27E9A7DF20C70049AEC727D32717A12922414A
      Serial Number: 3353BD7315C7DE4151753DCEFDCDD8DA0E8163CD
    Cert Status: unknown
    This Update: Apr 28 21:04:54 2023 GMT
    Next Update: May 28 21:04:54 2023 GMT

    Response Extensions:
        OCSP Nonce: 
            041098694721A99BB94A9308482562784335
    Signature Algorithm: ecdsa-with-SHA256
    Signature Value:
        30:46:02:21:00:a2:af:e7:97:23:7c:1d:79:7c:34:3d:8b:b5:
        f5:a6:85:ad:eb:17:6d:17:83:f8:90:97:15:65:17:92:2b:33:
        e7:02:21:00:bd:65:e9:a9:9f:7c:60:b6:6e:16:e0:a7:ad:bf:
        88:4f:23:49:58:1f:7b:8d:51:c2:fd:58:7b:68:04:8b:0e:f3
Certificate:
    Data:
        Version: 1 (0x0)
        Serial Number:
            33:53:bd:73:15:c7:de:41:51:75:3d:ce:fd:cd:d8:da:0e:81:63:ce
        Signature Algorithm: ecdsa-with-SHA256
        Issuer: C=FR, ST=France, L=Toulon, O=Isen, OU=Cyber, CN=ACI/emailAddress=bender.quent@gmail.com
        Validity
            Not Before: Apr 28 14:43:25 2023 GMT
            Not After : Apr 27 14:43:25 2025 GMT
        Subject: C=FR, ST=France, L=Toulon, O=Isen, OU=Cyber, CN=OCSP/emailAddress=crypto30ISEN@gmail.com
        Subject Public Key Info:
            Public Key Algorithm: id-ecPublicKey
                Public-Key: (256 bit)
                pub:
                    04:d0:d9:3a:4f:e5:e5:c5:0f:e1:af:e4:5d:11:b8:
                    48:c9:53:e2:6d:87:83:b1:4a:f1:97:db:be:4d:50:
                    db:52:83:23:f9:95:43:3a:d6:55:c6:c3:d8:88:eb:
                    62:5e:e7:fa:21:ae:f2:ee:99:f2:c0:ff:68:f3:42:
                    9a:91:6a:5c:36
                ASN1 OID: prime256v1
                NIST CURVE: P-256
    Signature Algorithm: ecdsa-with-SHA256
    Signature Value:
        30:45:02:21:00:e2:03:51:af:e7:a0:a7:1c:1c:df:af:74:9d:
        70:3c:53:1a:cd:37:0d:ed:af:74:11:0c:7c:cf:50:43:d4:44:
        26:02:20:26:22:d5:18:ce:21:b7:67:57:8a:6b:dd:40:10:12:
        2c:87:a2:dd:0a:ee:0f:54:1b:b2:84:45:54:12:48:95:6e
-----BEGIN CERTIFICATE-----
MIICBDCCAaoCFDNTvXMVx95BUXU9zv3N2NoOgWPOMAoGCCqGSM49BAMCMIGDMQsw
CQYDVQQGEwJGUjEPMA0GA1UECAwGRnJhbmNlMQ8wDQYDVQQHDAZUb3Vsb24xDTAL
BgNVBAoMBElzZW4xDjAMBgNVBAsMBUN5YmVyMQwwCgYDVQQDDANBQ0kxJTAjBgkq
hkiG9w0BCQEWFmJlbmRlci5xdWVudEBnbWFpbC5jb20wHhcNMjMwNDI4MTQ0MzI1
WhcNMjUwNDI3MTQ0MzI1WjCBhDELMAkGA1UEBhMCRlIxDzANBgNVBAgMBkZyYW5j
ZTEPMA0GA1UEBwwGVG91bG9uMQ0wCwYDVQQKDARJc2VuMQ4wDAYDVQQLDAVDeWJl
cjENMAsGA1UEAwwET0NTUDElMCMGCSqGSIb3DQEJARYWY3J5cHRvMzBJU0VOQGdt
YWlsLmNvbTBZMBMGByqGSM49AgEGCCqGSM49AwEHA0IABNDZOk/l5cUP4a/kXRG4
SMlT4m2Hg7FK8Zfbvk1Q21KDI/mVQzrWVcbD2IjrYl7n+iGu8u6Z8sD/aPNCmpFq
XDYwCgYIKoZIzj0EAwIDSAAwRQIhAOIDUa/noKccHN+vdJ1wPFMazTcN7a90EQx8
z1BD1EQmAiAmItUYziG3Z1eKa91AEBIsh6LdCu4PVBuyhEVUEkiVbg==
-----END CERTIFICATE-----
OCSP Request Data:
    Version: 1 (0x0)
    Requestor List:
        Certificate ID:
          Hash Algorithm: sha1
          Issuer Name Hash: 0C68B1D28FD29916FB355345CB233CCCBC4FDAF6
          Issuer Key Hash: 2D27E9A7DF20C70049AEC727D32717A12922414A
          Serial Number: 3353BD7315C7DE4151753DCEFDCDD8DA0E8163CD
    Request Extensions:
        OCSP Nonce: 
            0410D74A4A90EE4817457C3F12367A6EB80C
OCSP Response Data:
    OCSP Response Status: successful (0x0)
    Response Type: Basic OCSP Response
    Version: 1 (0x0)
    Responder Id: C = FR, ST = France, L = Toulon, O = Isen, OU = Cyber, CN = OCSP, emailAddress = crypto30ISEN@gmail.com
    Produced At: Apr 28 21:08:02 2023 GMT
    Responses:
    Certificate ID:
      Hash Algorithm: sha1
      Issuer Name Hash: 0C68B1D28FD29916FB355345CB233CCCBC4FDAF6
      Issuer Key Hash: 2D27E9A7DF20C70049AEC727D32717A12922414A
      Serial Number: 3353BD7315C7DE4151753DCEFDCDD8DA0E8163CD
    Cert Status: unknown
    This Update: Apr 28 21:08:02 2023 GMT
    Next Update: May 28 21:08:02 2023 GMT

    Response Extensions:
        OCSP Nonce: 
            0410D74A4A90EE4817457C3F12367A6EB80C
    Signature Algorithm: ecdsa-with-SHA256
    Signature Value:
        30:45:02:20:1f:a6:58:36:ba:1f:08:cc:ab:fa:7e:33:fb:28:
        c8:ad:14:1f:d6:ff:41:3a:a4:a5:79:49:5a:cc:06:f1:dc:fd:
        02:21:00:96:c2:3a:aa:df:fd:f3:f1:8f:18:30:c0:5d:3c:27:
        67:9a:dd:4a:00:86:8c:70:9d:35:8f:55:12:13:0e:1b:ee
Certificate:
    Data:
        Version: 1 (0x0)
        Serial Number:
            33:53:bd:73:15:c7:de:41:51:75:3d:ce:fd:cd:d8:da:0e:81:63:ce
        Signature Algorithm: ecdsa-with-SHA256
        Issuer: C=FR, ST=France, L=Toulon, O=Isen, OU=Cyber, CN=ACI/emailAddress=bender.quent@gmail.com
        Validity
            Not Before: Apr 28 14:43:25 2023 GMT
            Not After : Apr 27 14:43:25 2025 GMT
        Subject: C=FR, ST=France, L=Toulon, O=Isen, OU=Cyber, CN=OCSP/emailAddress=crypto30ISEN@gmail.com
        Subject Public Key Info:
            Public Key Algorithm: id-ecPublicKey
                Public-Key: (256 bit)
                pub:
                    04:d0:d9:3a:4f:e5:e5:c5:0f:e1:af:e4:5d:11:b8:
                    48:c9:53:e2:6d:87:83:b1:4a:f1:97:db:be:4d:50:
                    db:52:83:23:f9:95:43:3a:d6:55:c6:c3:d8:88:eb:
                    62:5e:e7:fa:21:ae:f2:ee:99:f2:c0:ff:68:f3:42:
                    9a:91:6a:5c:36
                ASN1 OID: prime256v1
                NIST CURVE: P-256
    Signature Algorithm: ecdsa-with-SHA256
    Signature Value:
        30:45:02:21:00:e2:03:51:af:e7:a0:a7:1c:1c:df:af:74:9d:
        70:3c:53:1a:cd:37:0d:ed:af:74:11:0c:7c:cf:50:43:d4:44:
        26:02:20:26:22:d5:18:ce:21:b7:67:57:8a:6b:dd:40:10:12:
        2c:87:a2:dd:0a:ee:0f:54:1b:b2:84:45:54:12:48:95:6e
-----BEGIN CERTIFICATE-----
MIICBDCCAaoCFDNTvXMVx95BUXU9zv3N2NoOgWPOMAoGCCqGSM49BAMCMIGDMQsw
CQYDVQQGEwJGUjEPMA0GA1UECAwGRnJhbmNlMQ8wDQYDVQQHDAZUb3Vsb24xDTAL
BgNVBAoMBElzZW4xDjAMBgNVBAsMBUN5YmVyMQwwCgYDVQQDDANBQ0kxJTAjBgkq
hkiG9w0BCQEWFmJlbmRlci5xdWVudEBnbWFpbC5jb20wHhcNMjMwNDI4MTQ0MzI1
WhcNMjUwNDI3MTQ0MzI1WjCBhDELMAkGA1UEBhMCRlIxDzANBgNVBAgMBkZyYW5j
ZTEPMA0GA1UEBwwGVG91bG9uMQ0wCwYDVQQKDARJc2VuMQ4wDAYDVQQLDAVDeWJl
cjENMAsGA1UEAwwET0NTUDElMCMGCSqGSIb3DQEJARYWY3J5cHRvMzBJU0VOQGdt
YWlsLmNvbTBZMBMGByqGSM49AgEGCCqGSM49AwEHA0IABNDZOk/l5cUP4a/kXRG4
SMlT4m2Hg7FK8Zfbvk1Q21KDI/mVQzrWVcbD2IjrYl7n+iGu8u6Z8sD/aPNCmpFq
XDYwCgYIKoZIzj0EAwIDSAAwRQIhAOIDUa/noKccHN+vdJ1wPFMazTcN7a90EQx8
z1BD1EQmAiAmItUYziG3Z1eKa91AEBIsh6LdCu4PVBuyhEVUEkiVbg==
-----END CERTIFICATE-----
OCSP Request Data:
    Version: 1 (0x0)
    Requestor List:
        Certificate ID:
          Hash Algorithm: sha1
          Issuer Name Hash: 0C68B1D28FD29916FB355345CB233CCCBC4FDAF6
          Issuer Key Hash: 5A8E23AAAECE589DCB5EFB7427044E92638F1D1F
          Serial Number: 3353BD7315C7DE4151753DCEFDCDD8DA0E8163CD
    Request Extensions:
        OCSP Nonce: 
            0410ED1034BB0437BB992E71E05D197160AF
OCSP Response Data:
    OCSP Response Status: successful (0x0)
    Response Type: Basic OCSP Response
    Version: 1 (0x0)
    Responder Id: C = FR, ST = France, L = Toulon, O = Isen, OU = Cyber, CN = OCSP, emailAddress = crypto30ISEN@gmail.com
    Produced At: Apr 28 21:08:24 2023 GMT
    Responses:
    Certificate ID:
      Hash Algorithm: sha1
      Issuer Name Hash: 0C68B1D28FD29916FB355345CB233CCCBC4FDAF6
      Issuer Key Hash: 5A8E23AAAECE589DCB5EFB7427044E92638F1D1F
      Serial Number: 3353BD7315C7DE4151753DCEFDCDD8DA0E8163CD
    Cert Status: unknown
    This Update: Apr 28 21:08:24 2023 GMT
    Next Update: May 28 21:08:24 2023 GMT

    Response Extensions:
        OCSP Nonce: 
            0410ED1034BB0437BB992E71E05D197160AF
    Signature Algorithm: ecdsa-with-SHA256
    Signature Value:
        30:46:02:21:00:de:3f:ca:c3:f0:83:f8:51:c3:e3:55:60:61:
        04:ff:82:38:34:7c:94:37:9f:98:a1:d8:d0:a2:91:79:e4:b2:
        55:02:21:00:90:1b:ae:86:07:47:ce:ef:95:01:80:d9:bd:b1:
        90:e5:d1:28:fa:c2:46:08:38:70:3d:2c:39:07:1e:12:56:b3
Certificate:
    Data:
        Version: 1 (0x0)
        Serial Number:
            33:53:bd:73:15:c7:de:41:51:75:3d:ce:fd:cd:d8:da:0e:81:63:ce
        Signature Algorithm: ecdsa-with-SHA256
        Issuer: C=FR, ST=France, L=Toulon, O=Isen, OU=Cyber, CN=ACI/emailAddress=bender.quent@gmail.com
        Validity
            Not Before: Apr 28 14:43:25 2023 GMT
            Not After : Apr 27 14:43:25 2025 GMT
        Subject: C=FR, ST=France, L=Toulon, O=Isen, OU=Cyber, CN=OCSP/emailAddress=crypto30ISEN@gmail.com
        Subject Public Key Info:
            Public Key Algorithm: id-ecPublicKey
                Public-Key: (256 bit)
                pub:
                    04:d0:d9:3a:4f:e5:e5:c5:0f:e1:af:e4:5d:11:b8:
                    48:c9:53:e2:6d:87:83:b1:4a:f1:97:db:be:4d:50:
                    db:52:83:23:f9:95:43:3a:d6:55:c6:c3:d8:88:eb:
                    62:5e:e7:fa:21:ae:f2:ee:99:f2:c0:ff:68:f3:42:
                    9a:91:6a:5c:36
                ASN1 OID: prime256v1
                NIST CURVE: P-256
    Signature Algorithm: ecdsa-with-SHA256
    Signature Value:
        30:45:02:21:00:e2:03:51:af:e7:a0:a7:1c:1c:df:af:74:9d:
        70:3c:53:1a:cd:37:0d:ed:af:74:11:0c:7c:cf:50:43:d4:44:
        26:02:20:26:22:d5:18:ce:21:b7:67:57:8a:6b:dd:40:10:12:
        2c:87:a2:dd:0a:ee:0f:54:1b:b2:84:45:54:12:48:95:6e
-----BEGIN CERTIFICATE-----
MIICBDCCAaoCFDNTvXMVx95BUXU9zv3N2NoOgWPOMAoGCCqGSM49BAMCMIGDMQsw
CQYDVQQGEwJGUjEPMA0GA1UECAwGRnJhbmNlMQ8wDQYDVQQHDAZUb3Vsb24xDTAL
BgNVBAoMBElzZW4xDjAMBgNVBAsMBUN5YmVyMQwwCgYDVQQDDANBQ0kxJTAjBgkq
hkiG9w0BCQEWFmJlbmRlci5xdWVudEBnbWFpbC5jb20wHhcNMjMwNDI4MTQ0MzI1
WhcNMjUwNDI3MTQ0MzI1WjCBhDELMAkGA1UEBhMCRlIxDzANBgNVBAgMBkZyYW5j
ZTEPMA0GA1UEBwwGVG91bG9uMQ0wCwYDVQQKDARJc2VuMQ4wDAYDVQQLDAVDeWJl
cjENMAsGA1UEAwwET0NTUDElMCMGCSqGSIb3DQEJARYWY3J5cHRvMzBJU0VOQGdt
YWlsLmNvbTBZMBMGByqGSM49AgEGCCqGSM49AwEHA0IABNDZOk/l5cUP4a/kXRG4
SMlT4m2Hg7FK8Zfbvk1Q21KDI/mVQzrWVcbD2IjrYl7n+iGu8u6Z8sD/aPNCmpFq
XDYwCgYIKoZIzj0EAwIDSAAwRQIhAOIDUa/noKccHN+vdJ1wPFMazTcN7a90EQx8
z1BD1EQmAiAmItUYziG3Z1eKa91AEBIsh6LdCu4PVBuyhEVUEkiVbg==
-----END CERTIFICATE-----
OCSP Request Data:
    Version: 1 (0x0)
    Requestor List:
        Certificate ID:
          Hash Algorithm: sha1
          Issuer Name Hash: 0C68B1D28FD29916FB355345CB233CCCBC4FDAF6
          Issuer Key Hash: 2DED2BBA3AD2B7908B932DF58AB71D93D19F5FD8
          Serial Number: 3353BD7315C7DE4151753DCEFDCDD8DA0E8163CD
    Request Extensions:
        OCSP Nonce: 
            04105AA9DC88F7DA6544145DC9340BE6D404
OCSP Response Data:
    OCSP Response Status: successful (0x0)
    Response Type: Basic OCSP Response
    Version: 1 (0x0)
    Responder Id: C = FR, ST = France, L = Toulon, O = Isen, OU = Cyber, CN = OCSP, emailAddress = crypto30ISEN@gmail.com
    Produced At: Apr 28 21:08:50 2023 GMT
    Responses:
    Certificate ID:
      Hash Algorithm: sha1
      Issuer Name Hash: 0C68B1D28FD29916FB355345CB233CCCBC4FDAF6
      Issuer Key Hash: 2DED2BBA3AD2B7908B932DF58AB71D93D19F5FD8
      Serial Number: 3353BD7315C7DE4151753DCEFDCDD8DA0E8163CD
    Cert Status: unknown
    This Update: Apr 28 21:08:50 2023 GMT
    Next Update: May 28 21:08:50 2023 GMT

    Response Extensions:
        OCSP Nonce: 
            04105AA9DC88F7DA6544145DC9340BE6D404
    Signature Algorithm: ecdsa-with-SHA256
    Signature Value:
        30:44:02:20:5d:62:4e:4c:89:7c:da:9f:62:33:b9:34:bb:f0:
        bf:92:53:d7:cf:a6:82:2d:86:ca:c6:5d:00:fc:9a:17:d1:54:
        02:20:0c:0b:67:3d:77:25:4c:2f:26:21:86:18:a8:90:48:d2:
        b6:9e:92:9a:0c:2f:b2:5c:71:a7:1e:7f:17:9b:c7:3b
Certificate:
    Data:
        Version: 1 (0x0)
        Serial Number:
            33:53:bd:73:15:c7:de:41:51:75:3d:ce:fd:cd:d8:da:0e:81:63:ce
        Signature Algorithm: ecdsa-with-SHA256
        Issuer: C=FR, ST=France, L=Toulon, O=Isen, OU=Cyber, CN=ACI/emailAddress=bender.quent@gmail.com
        Validity
            Not Before: Apr 28 14:43:25 2023 GMT
            Not After : Apr 27 14:43:25 2025 GMT
        Subject: C=FR, ST=France, L=Toulon, O=Isen, OU=Cyber, CN=OCSP/emailAddress=crypto30ISEN@gmail.com
        Subject Public Key Info:
            Public Key Algorithm: id-ecPublicKey
                Public-Key: (256 bit)
                pub:
                    04:d0:d9:3a:4f:e5:e5:c5:0f:e1:af:e4:5d:11:b8:
                    48:c9:53:e2:6d:87:83:b1:4a:f1:97:db:be:4d:50:
                    db:52:83:23:f9:95:43:3a:d6:55:c6:c3:d8:88:eb:
                    62:5e:e7:fa:21:ae:f2:ee:99:f2:c0:ff:68:f3:42:
                    9a:91:6a:5c:36
                ASN1 OID: prime256v1
                NIST CURVE: P-256
    Signature Algorithm: ecdsa-with-SHA256
    Signature Value:
        30:45:02:21:00:e2:03:51:af:e7:a0:a7:1c:1c:df:af:74:9d:
        70:3c:53:1a:cd:37:0d:ed:af:74:11:0c:7c:cf:50:43:d4:44:
        26:02:20:26:22:d5:18:ce:21:b7:67:57:8a:6b:dd:40:10:12:
        2c:87:a2:dd:0a:ee:0f:54:1b:b2:84:45:54:12:48:95:6e
-----BEGIN CERTIFICATE-----
MIICBDCCAaoCFDNTvXMVx95BUXU9zv3N2NoOgWPOMAoGCCqGSM49BAMCMIGDMQsw
CQYDVQQGEwJGUjEPMA0GA1UECAwGRnJhbmNlMQ8wDQYDVQQHDAZUb3Vsb24xDTAL
BgNVBAoMBElzZW4xDjAMBgNVBAsMBUN5YmVyMQwwCgYDVQQDDANBQ0kxJTAjBgkq
hkiG9w0BCQEWFmJlbmRlci5xdWVudEBnbWFpbC5jb20wHhcNMjMwNDI4MTQ0MzI1
WhcNMjUwNDI3MTQ0MzI1WjCBhDELMAkGA1UEBhMCRlIxDzANBgNVBAgMBkZyYW5j
ZTEPMA0GA1UEBwwGVG91bG9uMQ0wCwYDVQQKDARJc2VuMQ4wDAYDVQQLDAVDeWJl
cjENMAsGA1UEAwwET0NTUDElMCMGCSqGSIb3DQEJARYWY3J5cHRvMzBJU0VOQGdt
YWlsLmNvbTBZMBMGByqGSM49AgEGCCqGSM49AwEHA0IABNDZOk/l5cUP4a/kXRG4
SMlT4m2Hg7FK8Zfbvk1Q21KDI/mVQzrWVcbD2IjrYl7n+iGu8u6Z8sD/aPNCmpFq
XDYwCgYIKoZIzj0EAwIDSAAwRQIhAOIDUa/noKccHN+vdJ1wPFMazTcN7a90EQx8
z1BD1EQmAiAmItUYziG3Z1eKa91AEBIsh6LdCu4PVBuyhEVUEkiVbg==
-----END CERTIFICATE-----
